{"E:\\Microverse\\To-do-List\\src\\js\\dom_manipulation.js": {"path":"E:\\Microverse\\To-do-List\\src\\js\\dom_manipulation.js","statementMap":{"0":{"start":{"line":9,"column":4},"end":{"line":9,"column":52}},"1":{"start":{"line":13,"column":17},"end":{"line":13,"column":45}},"2":{"start":{"line":14,"column":4},"end":{"line":14,"column":34}},"3":{"start":{"line":15,"column":4},"end":{"line":15,"column":31}},"4":{"start":{"line":16,"column":4},"end":{"line":18,"column":5}},"5":{"start":{"line":17,"column":6},"end":{"line":17,"column":38}},"6":{"start":{"line":19,"column":4},"end":{"line":21,"column":43}},"7":{"start":{"line":22,"column":4},"end":{"line":22,"column":32}},"8":{"start":{"line":23,"column":4},"end":{"line":23,"column":31}},"9":{"start":{"line":27,"column":4},"end":{"line":27,"column":37}},"10":{"start":{"line":28,"column":4},"end":{"line":28,"column":32}},"11":{"start":{"line":29,"column":4},"end":{"line":29,"column":34}},"12":{"start":{"line":33,"column":4},"end":{"line":36,"column":7}},"13":{"start":{"line":34,"column":23},"end":{"line":34,"column":75}},"14":{"start":{"line":35,"column":6},"end":{"line":35,"column":40}},"15":{"start":{"line":40,"column":4},"end":{"line":54,"column":7}},"16":{"start":{"line":41,"column":6},"end":{"line":53,"column":7}},"17":{"start":{"line":42,"column":8},"end":{"line":44,"column":11}},"18":{"start":{"line":43,"column":10},"end":{"line":43,"column":50}},"19":{"start":{"line":45,"column":8},"end":{"line":45,"column":42}},"20":{"start":{"line":46,"column":8},"end":{"line":48,"column":11}},"21":{"start":{"line":47,"column":10},"end":{"line":47,"column":62}},"22":{"start":{"line":49,"column":25},"end":{"line":49,"column":144}},"23":{"start":{"line":50,"column":8},"end":{"line":50,"column":56}},"24":{"start":{"line":51,"column":8},"end":{"line":51,"column":51}},"25":{"start":{"line":52,"column":8},"end":{"line":52,"column":81}},"26":{"start":{"line":58,"column":15},"end":{"line":58,"column":49}},"27":{"start":{"line":59,"column":4},"end":{"line":70,"column":7}},"28":{"start":{"line":60,"column":6},"end":{"line":69,"column":7}},"29":{"start":{"line":61,"column":8},"end":{"line":67,"column":9}},"30":{"start":{"line":62,"column":10},"end":{"line":62,"column":62}},"31":{"start":{"line":63,"column":10},"end":{"line":63,"column":58}},"32":{"start":{"line":64,"column":10},"end":{"line":64,"column":34}},"33":{"start":{"line":66,"column":10},"end":{"line":66,"column":76}},"34":{"start":{"line":68,"column":8},"end":{"line":68,"column":45}},"35":{"start":{"line":74,"column":4},"end":{"line":78,"column":7}},"36":{"start":{"line":75,"column":6},"end":{"line":77,"column":7}},"37":{"start":{"line":76,"column":8},"end":{"line":76,"column":79}}},"fnMap":{"0":{"name":"(anonymous_0)","decl":{"start":{"line":8,"column":2},"end":{"line":8,"column":3}},"loc":{"start":{"line":8,"column":16},"end":{"line":10,"column":3}},"line":8},"1":{"name":"(anonymous_1)","decl":{"start":{"line":12,"column":2},"end":{"line":12,"column":3}},"loc":{"start":{"line":12,"column":23},"end":{"line":24,"column":3}},"line":12},"2":{"name":"(anonymous_2)","decl":{"start":{"line":26,"column":2},"end":{"line":26,"column":3}},"loc":{"start":{"line":26,"column":32},"end":{"line":30,"column":3}},"line":26},"3":{"name":"(anonymous_3)","decl":{"start":{"line":32,"column":2},"end":{"line":32,"column":3}},"loc":{"start":{"line":32,"column":37},"end":{"line":37,"column":3}},"line":32},"4":{"name":"(anonymous_4)","decl":{"start":{"line":33,"column":75},"end":{"line":33,"column":76}},"loc":{"start":{"line":33,"column":81},"end":{"line":36,"column":5}},"line":33},"5":{"name":"(anonymous_5)","decl":{"start":{"line":39,"column":2},"end":{"line":39,"column":3}},"loc":{"start":{"line":39,"column":32},"end":{"line":55,"column":3}},"line":39},"6":{"name":"(anonymous_6)","decl":{"start":{"line":40,"column":57},"end":{"line":40,"column":58}},"loc":{"start":{"line":40,"column":63},"end":{"line":54,"column":5}},"line":40},"7":{"name":"(anonymous_7)","decl":{"start":{"line":42,"column":63},"end":{"line":42,"column":64}},"loc":{"start":{"line":42,"column":76},"end":{"line":44,"column":9}},"line":42},"8":{"name":"(anonymous_8)","decl":{"start":{"line":46,"column":69},"end":{"line":46,"column":70}},"loc":{"start":{"line":46,"column":84},"end":{"line":48,"column":9}},"line":46},"9":{"name":"(anonymous_9)","decl":{"start":{"line":57,"column":2},"end":{"line":57,"column":3}},"loc":{"start":{"line":57,"column":52},"end":{"line":71,"column":3}},"line":57},"10":{"name":"(anonymous_10)","decl":{"start":{"line":59,"column":43},"end":{"line":59,"column":44}},"loc":{"start":{"line":59,"column":54},"end":{"line":70,"column":5}},"line":59},"11":{"name":"(anonymous_11)","decl":{"start":{"line":73,"column":2},"end":{"line":73,"column":3}},"loc":{"start":{"line":73,"column":34},"end":{"line":79,"column":3}},"line":73},"12":{"name":"(anonymous_12)","decl":{"start":{"line":74,"column":56},"end":{"line":74,"column":57}},"loc":{"start":{"line":74,"column":62},"end":{"line":78,"column":5}},"line":74}},"branchMap":{"0":{"loc":{"start":{"line":16,"column":4},"end":{"line":18,"column":5}},"type":"if","locations":[{"start":{"line":16,"column":4},"end":{"line":18,"column":5}},{"start":{},"end":{}}],"line":16},"1":{"loc":{"start":{"line":19,"column":72},"end":{"line":19,"column":118}},"type":"cond-expr","locations":[{"start":{"line":19,"column":89},"end":{"line":19,"column":100}},{"start":{"line":19,"column":103},"end":{"line":19,"column":118}}],"line":19},"2":{"loc":{"start":{"line":19,"column":123},"end":{"line":19,"column":154}},"type":"cond-expr","locations":[{"start":{"line":19,"column":140},"end":{"line":19,"column":149}},{"start":{"line":19,"column":152},"end":{"line":19,"column":154}}],"line":19},"3":{"loc":{"start":{"line":41,"column":6},"end":{"line":53,"column":7}},"type":"if","locations":[{"start":{"line":41,"column":6},"end":{"line":53,"column":7}},{"start":{},"end":{}}],"line":41},"4":{"loc":{"start":{"line":60,"column":6},"end":{"line":69,"column":7}},"type":"if","locations":[{"start":{"line":60,"column":6},"end":{"line":69,"column":7}},{"start":{},"end":{}}],"line":60},"5":{"loc":{"start":{"line":61,"column":8},"end":{"line":67,"column":9}},"type":"if","locations":[{"start":{"line":61,"column":8},"end":{"line":67,"column":9}},{"start":{"line":65,"column":15},"end":{"line":67,"column":9}}],"line":61},"6":{"loc":{"start":{"line":75,"column":6},"end":{"line":77,"column":7}},"type":"if","locations":[{"start":{"line":75,"column":6},"end":{"line":77,"column":7}},{"start":{},"end":{}}],"line":75}},"s":{"0":1,"1":2,"2":2,"3":2,"4":2,"5":0,"6":2,"7":2,"8":2,"9":2,"10":2,"11":2,"12":2,"13":0,"14":0,"15":2,"16":0,"17":0,"18":0,"19":0,"20":0,"21":0,"22":0,"23":0,"24":0,"25":0,"26":0,"27":0,"28":0,"29":0,"30":0,"31":0,"32":0,"33":0,"34":0,"35":2,"36":0,"37":0},"f":{"0":1,"1":2,"2":2,"3":2,"4":0,"5":2,"6":0,"7":0,"8":0,"9":0,"10":0,"11":2,"12":0},"b":{"0":[0,2],"1":[0,2],"2":[0,2],"3":[0,0],"4":[0,0],"5":[0,0],"6":[0,0]},"_coverageSchema":"1a1c01bbd47fc00a2c39e90264f33305004495a9","hash":"176de33b1a73a92bd7b11941b3103c355d6578f4"}
,"E:\\Microverse\\To-do-List\\src\\js\\status.js": {"path":"E:\\Microverse\\To-do-List\\src\\js\\status.js","statementMap":{"0":{"start":{"line":4,"column":2},"end":{"line":8,"column":3}},"1":{"start":{"line":5,"column":4},"end":{"line":5,"column":64}},"2":{"start":{"line":7,"column":4},"end":{"line":7,"column":67}},"3":{"start":{"line":10,"column":2},"end":{"line":10,"column":70}},"4":{"start":{"line":11,"column":2},"end":{"line":11,"column":26}},"5":{"start":{"line":15,"column":2},"end":{"line":15,"column":83}},"6":{"start":{"line":15,"column":64},"end":{"line":15,"column":81}}},"fnMap":{"0":{"name":"changeComplete","decl":{"start":{"line":3,"column":16},"end":{"line":3,"column":30}},"loc":{"start":{"line":3,"column":47},"end":{"line":12,"column":1}},"line":3},"1":{"name":"removeAllCompleted","decl":{"start":{"line":14,"column":16},"end":{"line":14,"column":34}},"loc":{"start":{"line":14,"column":37},"end":{"line":16,"column":1}},"line":14},"2":{"name":"(anonymous_2)","decl":{"start":{"line":15,"column":50},"end":{"line":15,"column":51}},"loc":{"start":{"line":15,"column":64},"end":{"line":15,"column":81}},"line":15}},"branchMap":{"0":{"loc":{"start":{"line":4,"column":2},"end":{"line":8,"column":3}},"type":"if","locations":[{"start":{"line":4,"column":2},"end":{"line":8,"column":3}},{"start":{"line":6,"column":9},"end":{"line":8,"column":3}}],"line":4}},"s":{"0":0,"1":0,"2":0,"3":0,"4":0,"5":0,"6":0},"f":{"0":0,"1":0,"2":0},"b":{"0":[0,0]},"_coverageSchema":"1a1c01bbd47fc00a2c39e90264f33305004495a9","hash":"dd40cb12c50229d7b970b5faf3053d1715537b18"}
,"E:\\Microverse\\To-do-List\\src\\js\\task.js": {"path":"E:\\Microverse\\To-do-List\\src\\js\\task.js","statementMap":{"0":{"start":{"line":3,"column":4},"end":{"line":3,"column":23}},"1":{"start":{"line":4,"column":4},"end":{"line":4,"column":31}},"2":{"start":{"line":5,"column":4},"end":{"line":5,"column":35}}},"fnMap":{"0":{"name":"(anonymous_0)","decl":{"start":{"line":2,"column":2},"end":{"line":2,"column":3}},"loc":{"start":{"line":2,"column":45},"end":{"line":6,"column":3}},"line":2}},"branchMap":{},"s":{"0":5,"1":5,"2":5},"f":{"0":5},"b":{},"_coverageSchema":"1a1c01bbd47fc00a2c39e90264f33305004495a9","hash":"3eba407116a548a91dabced356d027da0809ebeb"}
,"E:\\Microverse\\To-do-List\\src\\js\\todo_list.js": {"path":"E:\\Microverse\\To-do-List\\src\\js\\todo_list.js","statementMap":{"0":{"start":{"line":4,"column":16},"end":{"line":4,"column":18}},"1":{"start":{"line":7,"column":4},"end":{"line":7,"column":31}},"2":{"start":{"line":11,"column":20},"end":{"line":11,"column":70}},"3":{"start":{"line":12,"column":4},"end":{"line":12,"column":28}},"4":{"start":{"line":13,"column":4},"end":{"line":13,"column":24}},"5":{"start":{"line":14,"column":4},"end":{"line":14,"column":19}},"6":{"start":{"line":18,"column":4},"end":{"line":18,"column":64}},"7":{"start":{"line":22,"column":17},"end":{"line":22,"column":61}},"8":{"start":{"line":23,"column":4},"end":{"line":25,"column":5}},"9":{"start":{"line":24,"column":6},"end":{"line":24,"column":97}},"10":{"start":{"line":24,"column":38},"end":{"line":24,"column":95}},"11":{"start":{"line":29,"column":19},"end":{"line":29,"column":20}},"12":{"start":{"line":30,"column":4},"end":{"line":40,"column":7}},"13":{"start":{"line":31,"column":6},"end":{"line":34,"column":7}},"14":{"start":{"line":32,"column":8},"end":{"line":32,"column":63}},"15":{"start":{"line":33,"column":8},"end":{"line":33,"column":21}},"16":{"start":{"line":35,"column":22},"end":{"line":35,"column":67}},"17":{"start":{"line":36,"column":6},"end":{"line":36,"column":29}},"18":{"start":{"line":37,"column":6},"end":{"line":37,"column":37}},"19":{"start":{"line":38,"column":6},"end":{"line":38,"column":20}},"20":{"start":{"line":39,"column":6},"end":{"line":39,"column":18}},"21":{"start":{"line":42,"column":4},"end":{"line":42,"column":24}},"22":{"start":{"line":46,"column":19},"end":{"line":46,"column":20}},"23":{"start":{"line":47,"column":4},"end":{"line":57,"column":7}},"24":{"start":{"line":48,"column":6},"end":{"line":51,"column":7}},"25":{"start":{"line":49,"column":8},"end":{"line":49,"column":63}},"26":{"start":{"line":50,"column":8},"end":{"line":50,"column":21}},"27":{"start":{"line":52,"column":22},"end":{"line":52,"column":67}},"28":{"start":{"line":53,"column":6},"end":{"line":53,"column":29}},"29":{"start":{"line":54,"column":6},"end":{"line":54,"column":37}},"30":{"start":{"line":55,"column":6},"end":{"line":55,"column":20}},"31":{"start":{"line":56,"column":6},"end":{"line":56,"column":18}},"32":{"start":{"line":59,"column":4},"end":{"line":59,"column":24}}},"fnMap":{"0":{"name":"(anonymous_0)","decl":{"start":{"line":6,"column":2},"end":{"line":6,"column":3}},"loc":{"start":{"line":6,"column":16},"end":{"line":8,"column":3}},"line":6},"1":{"name":"(anonymous_1)","decl":{"start":{"line":10,"column":2},"end":{"line":10,"column":3}},"loc":{"start":{"line":10,"column":41},"end":{"line":15,"column":3}},"line":10},"2":{"name":"(anonymous_2)","decl":{"start":{"line":17,"column":2},"end":{"line":17,"column":3}},"loc":{"start":{"line":17,"column":24},"end":{"line":19,"column":3}},"line":17},"3":{"name":"(anonymous_3)","decl":{"start":{"line":21,"column":2},"end":{"line":21,"column":3}},"loc":{"start":{"line":21,"column":31},"end":{"line":26,"column":3}},"line":21},"4":{"name":"(anonymous_4)","decl":{"start":{"line":24,"column":27},"end":{"line":24,"column":28}},"loc":{"start":{"line":24,"column":38},"end":{"line":24,"column":95}},"line":24},"5":{"name":"(anonymous_5)","decl":{"start":{"line":28,"column":2},"end":{"line":28,"column":3}},"loc":{"start":{"line":28,"column":34},"end":{"line":43,"column":3}},"line":28},"6":{"name":"(anonymous_6)","decl":{"start":{"line":30,"column":33},"end":{"line":30,"column":34}},"loc":{"start":{"line":30,"column":44},"end":{"line":40,"column":5}},"line":30},"7":{"name":"(anonymous_7)","decl":{"start":{"line":45,"column":2},"end":{"line":45,"column":3}},"loc":{"start":{"line":45,"column":38},"end":{"line":60,"column":3}},"line":45},"8":{"name":"(anonymous_8)","decl":{"start":{"line":47,"column":33},"end":{"line":47,"column":34}},"loc":{"start":{"line":47,"column":44},"end":{"line":57,"column":5}},"line":47}},"branchMap":{"0":{"loc":{"start":{"line":23,"column":4},"end":{"line":25,"column":5}},"type":"if","locations":[{"start":{"line":23,"column":4},"end":{"line":25,"column":5}},{"start":{},"end":{}}],"line":23},"1":{"loc":{"start":{"line":23,"column":8},"end":{"line":23,"column":27}},"type":"binary-expr","locations":[{"start":{"line":23,"column":8},"end":{"line":23,"column":12}},{"start":{"line":23,"column":16},"end":{"line":23,"column":27}}],"line":23},"2":{"loc":{"start":{"line":31,"column":6},"end":{"line":34,"column":7}},"type":"if","locations":[{"start":{"line":31,"column":6},"end":{"line":34,"column":7}},{"start":{},"end":{}}],"line":31},"3":{"loc":{"start":{"line":48,"column":6},"end":{"line":51,"column":7}},"type":"if","locations":[{"start":{"line":48,"column":6},"end":{"line":51,"column":7}},{"start":{},"end":{}}],"line":48}},"s":{"0":1,"1":1,"2":2,"3":2,"4":2,"5":2,"6":3,"7":1,"8":1,"9":0,"10":0,"11":1,"12":1,"13":2,"14":1,"15":1,"16":1,"17":1,"18":1,"19":1,"20":1,"21":1,"22":0,"23":0,"24":0,"25":0,"26":0,"27":0,"28":0,"29":0,"30":0,"31":0,"32":0},"f":{"0":1,"1":2,"2":3,"3":1,"4":0,"5":1,"6":2,"7":0,"8":0},"b":{"0":[0,1],"1":[1,0],"2":[1,1],"3":[0,0]},"_coverageSchema":"1a1c01bbd47fc00a2c39e90264f33305004495a9","hash":"54efee629194f7fe37889c5b2c69e237c878520d"}
,"E:\\Microverse\\To-do-List\\tests\\sum.js": {"path":"E:\\Microverse\\To-do-List\\tests\\sum.js","statementMap":{"0":{"start":{"line":2,"column":2},"end":{"line":2,"column":15}},"1":{"start":{"line":4,"column":0},"end":{"line":4,"column":21}}},"fnMap":{"0":{"name":"sum","decl":{"start":{"line":1,"column":9},"end":{"line":1,"column":12}},"loc":{"start":{"line":1,"column":19},"end":{"line":3,"column":1}},"line":1}},"branchMap":{},"s":{"0":1,"1":1},"f":{"0":1},"b":{},"_coverageSchema":"1a1c01bbd47fc00a2c39e90264f33305004495a9","hash":"b03b60487cf36cc78ad2e92b6c0dbeac3b8e9447"}
}
